<?xml version="1.0" encoding="UTF-8"?>
<!-- Generated by org.testng.reporters.JUnitXMLReporter -->
<testsuite ignored="0" hostname="BTLQAASHISHNA" failures="1" tests="2" name="ValidateTitle" time="25.271" errors="0" timestamp="2021-05-23T21:39:38 IST">
  <testcase classname="TestFramework.E2EProject.ValidateTitle" name="validateNavBar" time="2.37"/>
  <testcase classname="TestFramework.E2EProject.ValidateTitle" name="validateTitle" time="0.112">
    <failure type="java.lang.AssertionError" message="expected [FEATURED COURSES123] but found [FEATURED COURSES]">
      <![CDATA[java.lang.AssertionError: expected [FEATURED COURSES123] but found [FEATURED COURSES]
at TestFramework.E2EProject.ValidateTitle.validateTitle(ValidateTitle.java:39)
at java.base/java.util.ArrayList.forEach(ArrayList.java:1511)
at java.base/java.util.concurrent.FutureTask.run(FutureTask.java:264)
at java.base/java.util.concurrent.ThreadPoolExecutor.runWorker(ThreadPoolExecutor.java:1130)
at java.base/java.util.concurrent.ThreadPoolExecutor$Worker.run(ThreadPoolExecutor.java:630)
at java.base/java.lang.Thread.run(Thread.java:832)
... Removed 24 stack frames]]>
    </failure>
  </testcase> <!-- validateTitle -->
</testsuite> <!-- ValidateTitle -->
