<?xml version="1.0" encoding="UTF-8"?>
<testsuite xmlns:xsi="http://www.w3.org/2001/XMLSchema-instance" xsi:noNamespaceSchemaLocation="https://maven.apache.org/surefire/maven-surefire-plugin/xsd/surefire-test-report-3.0.xsd" version="3.0" name="TestSuite" time="126.398" tests="4" errors="0" skipped="0" failures="1">
  <properties>
[...]
</properties>
  <testcase name="openBrowser[ashishnaggy@gmail.com, 123456, Non restricted user](1)" classname="TestFramework.E2EProject.HomePage" time="26.163">
    <system-out><![CDATA[chrome
Non restricted user
]]></system-out>
    <system-err><![CDATA[ERROR StatusLogger No log4j2 configuration file found. Using default configuration: logging only errors to the console. Set system property 'org.apache.logging.log4j.simplelog.StatusLogger.level' to TRACE to show Log4j2 internal initialization logging.
Starting ChromeDriver 90.0.4430.24 (4c6d850f087da467d926e8eddb76550aed655991-refs/branch-heads/4430@{#429}) on port 19287
Only local connections are allowed.
Please see https://chromedriver.chromium.org/security-considerations for suggestions on keeping ChromeDriver safe.
ChromeDriver was started successfully.
[1622443071.229][WARNING]: This version of ChromeDriver has not been tested with Chrome version 91.
May 31, 2021 12:07:53 PM org.openqa.selenium.remote.ProtocolHandshake createSession
INFO: Detected dialect: W3C
]]></system-err>
  </testcase>
  <testcase name="openBrowser[nonrestricteduser@qa.com, 543, restricted user](2)" classname="TestFramework.E2EProject.HomePage" time="14.608">
    <system-out><![CDATA[restricted user
]]></system-out>
  </testcase>
  <testcase name="validateNavBar" classname="TestFramework.E2EProject.ValidateTitle" time="2.926">
    <system-out><![CDATA[chrome
]]></system-out>
    <system-err><![CDATA[Starting ChromeDriver 90.0.4430.24 (4c6d850f087da467d926e8eddb76550aed655991-refs/branch-heads/4430@{#429}) on port 6585
Only local connections are allowed.
Please see https://chromedriver.chromium.org/security-considerations for suggestions on keeping ChromeDriver safe.
ChromeDriver was started successfully.
[1622443135.930][WARNING]: This version of ChromeDriver has not been tested with Chrome version 91.
May 31, 2021 12:08:57 PM org.openqa.selenium.remote.ProtocolHandshake createSession
INFO: Detected dialect: W3C
]]></system-err>
  </testcase>
  <testcase name="validateTitle" classname="TestFramework.E2EProject.ValidateTitle" time="1.587">
    <failure message="expected [FEATURED COURSES123] but found [FEATURED COURSES]" type="java.lang.AssertionError"><![CDATA[java.lang.AssertionError: expected [FEATURED COURSES123] but found [FEATURED COURSES]
	at TestFramework.E2EProject.ValidateTitle.validateTitle(ValidateTitle.java:40)
]]></failure>
  </testcase>
</testsuite>