-------------------------------------------------------------------------------
Test set: TestSuite
-------------------------------------------------------------------------------
Tests run: 4, Failures: 1, Errors: 0, Skipped: 0, Time elapsed: 126.398 s <<< FAILURE! - in TestSuite
TestFramework.E2EProject.ValidateTitle.validateTitle  Time elapsed: 1.587 s  <<< FAILURE!
java.lang.AssertionError: expected [FEATURED COURSES123] but found [FEATURED COURSES]
	at TestFramework.E2EProject.ValidateTitle.validateTitle(ValidateTitle.java:40)

