<?xml version="1.0" encoding="UTF-8"?>
<!-- Generated by org.testng.reporters.JUnitXMLReporter -->
<testsuite ignored="0" hostname="BTLQAASHISHNA" failures="1" tests="2" name="ValidateTitle" time="54.343" errors="0" timestamp="2021-05-31T12:09:44 IST">
  <testcase classname="TestFramework.E2EProject.ValidateTitle" name="validateNavBar" time="2.944"/>
  <testcase classname="TestFramework.E2EProject.ValidateTitle" name="validateTitle" time="0.508">
    <failure type="java.lang.AssertionError" message="expected [FEATURED COURSES123] but found [FEATURED COURSES]">
      <![CDATA[java.lang.AssertionError: expected [FEATURED COURSES123] but found [FEATURED COURSES]
at TestFramework.E2EProject.ValidateTitle.validateTitle(ValidateTitle.java:40)
at java.base/java.util.ArrayList.forEach(ArrayList.java:1511)
... Removed 37 stack frames]]>
    </failure>
  </testcase> <!-- validateTitle -->
</testsuite> <!-- ValidateTitle -->
